"../../../Engine/Content/EditorResources/S_Actor.ubulk" 0
"../../../Engine/Content/EditorResources/S_Actor.uasset" 1
"../../../Engine/Content/EditorResources/S_Actor.uexp" 2
"../../../Engine/Content/EditorResources/S_BoxReflectionCapture.uasset" 3
"../../../Engine/Content/EditorResources/S_BoxReflectionCapture.uexp" 4
"../../../Engine/Content/EngineResources/DefaultTexture.ubulk" 5
"../../../Engine/Content/EngineResources/DefaultTexture.uasset" 6
"../../../Engine/Content/EngineResources/DefaultTexture.uexp" 7
"../../../Engine/Content/EngineResources/DefaultTextureCube.uasset" 8
"../../../Engine/Content/EngineResources/DefaultTextureCube.uexp" 9
"../../../Engine/Content/EngineResources/DefaultVolumeTexture2D.uasset" 10
"../../../Engine/Content/EngineResources/DefaultVolumeTexture2D.uexp" 11
"../../../Engine/Content/EngineResources/DefaultVolumeTexture.uasset" 12
"../../../Engine/Content/EngineResources/DefaultVolumeTexture.uexp" 13
"../../../Engine/Content/EditorResources/S_Trigger.ubulk" 14
"../../../Engine/Content/EditorResources/S_Trigger.uasset" 15
"../../../Engine/Content/EditorResources/S_Trigger.uexp" 16
"../../../Engine/Content/EditorResources/S_TriggerBox.uasset" 17
"../../../Engine/Content/EditorResources/S_TriggerBox.uexp" 18
"../../../Engine/Content/EditorResources/S_TriggerCapsule.uasset" 19
"../../../Engine/Content/EditorResources/S_TriggerCapsule.uexp" 20
"../../../Engine/Content/EditorResources/S_TriggerSphere.uasset" 21
"../../../Engine/Content/EditorResources/S_TriggerSphere.uexp" 22
"../../../Engine/Content/EngineMeshes/Sphere.uasset" 23
"../../../Engine/Content/EngineMeshes/Sphere.uexp" 24
"../../../Engine/Content/EngineResources/GradientTexture0.uasset" 25
"../../../Engine/Content/EngineResources/GradientTexture0.uexp" 26
"../../../Engine/Content/EngineResources/Black.uasset" 27
"../../../Engine/Content/EngineResources/Black.uexp" 28
"../../../Engine/Content/VREditor/LaserPointer/VR_LaserPower_01.ubulk" 29
"../../../Engine/Content/VREditor/LaserPointer/VR_LaserPower_01.uasset" 30
"../../../Engine/Content/VREditor/LaserPointer/VR_LaserPower_01.uexp" 31
"../../../Engine/Content/VREditor/TransformGizmo/TransformGizmoMaterial.uasset" 32
"../../../Engine/Content/VREditor/TransformGizmo/TransformGizmoMaterial.uexp" 33
"../../../Engine/Content/VREditor/TransformGizmo/TranslucentTransformGizmoMaterial.uasset" 34
"../../../Engine/Content/VREditor/TransformGizmo/TranslucentTransformGizmoMaterial.uexp" 35
"../../../Engine/Content/VREditor/TransformGizmo/PlaneTranslationHandle.uasset" 36
"../../../Engine/Content/VREditor/TransformGizmo/PlaneTranslationHandle.uexp" 37
"../../../Engine/Content/VREditor/TransformGizmo/BoundingBoxCorner.uasset" 38
"../../../Engine/Content/VREditor/TransformGizmo/BoundingBoxCorner.uexp" 39
"../../../Engine/Content/VREditor/TransformGizmo/BoundingBoxEdge.uasset" 40
"../../../Engine/Content/VREditor/TransformGizmo/BoundingBoxEdge.uexp" 41
"../../../Engine/Content/VREditor/TransformGizmo/Main.uasset" 42
"../../../Engine/Content/VREditor/TransformGizmo/Main.uexp" 43
"../../../Engine/Content/VREditor/TransformGizmo/Xray.uasset" 44
"../../../Engine/Content/VREditor/TransformGizmo/Xray.uexp" 45
"../../../Engine/Content/VREditor/TransformGizmo/SM_Sequencer_Node.uasset" 46
"../../../Engine/Content/VREditor/TransformGizmo/SM_Sequencer_Node.uexp" 47
"../../../Engine/Content/EditorMaterials/Camera/CineMat.uasset" 48
"../../../Engine/Content/EditorMaterials/Camera/CineMat.uexp" 49
"../../../Engine/Content/EditorMaterials/Camera/MI_CineMat_Rig.uasset" 50
"../../../Engine/Content/EditorMaterials/Camera/MI_CineMat_Rig.uexp" 51
"../../../Engine/Content/EditorMeshes/Camera/SM_CraneRig_Base.uasset" 52
"../../../Engine/Content/EditorMeshes/Camera/SM_CraneRig_Base.uexp" 53
"../../../Engine/Content/EditorMeshes/Camera/SM_CraneRig_Arm.uasset" 54
"../../../Engine/Content/EditorMeshes/Camera/SM_CraneRig_Arm.uexp" 55
"../../../Engine/Content/EditorMeshes/Camera/SM_CraneRig_Mount.uasset" 56
"../../../Engine/Content/EditorMeshes/Camera/SM_CraneRig_Mount.uexp" 57
"../../../Engine/Content/EditorMeshes/Camera/SM_CraneRig_Body.uasset" 58
"../../../Engine/Content/EditorMeshes/Camera/SM_CraneRig_Body.uexp" 59
"../../../Engine/Content/EditorMeshes/Camera/SM_RailRig_Track.uasset" 60
"../../../Engine/Content/EditorMeshes/Camera/SM_RailRig_Track.uexp" 61
"../../../Engine/Content/EditorMeshes/Camera/SM_RailRig_Mount.uasset" 62
"../../../Engine/Content/EditorMeshes/Camera/SM_RailRig_Mount.uexp" 63
"../../../Engine/Content/EngineMaterials/T_Default_Material_Grid_M.ubulk" 64
"../../../Engine/Content/EngineMaterials/T_Default_Material_Grid_M.uasset" 65
"../../../Engine/Content/EngineMaterials/T_Default_Material_Grid_M.uexp" 66
"../../../Engine/Content/EngineMaterials/T_Default_Material_Grid_N.ubulk" 67
"../../../Engine/Content/EngineMaterials/T_Default_Material_Grid_N.uasset" 68
"../../../Engine/Content/EngineMaterials/T_Default_Material_Grid_N.uexp" 69
"../../../Engine/Content/Functions/Engine_MaterialFunctions01/Opacity/CameraDepthFade.uasset" 70
"../../../Engine/Content/Functions/Engine_MaterialFunctions01/Opacity/CameraDepthFade.uexp" 71
"../../../Engine/Content/EngineMaterials/WorldGridMaterial.uasset" 72
"../../../Engine/Content/EngineMaterials/WorldGridMaterial.uexp" 73
"../../../Engine/Content/ArtTools/RenderToTexture/Meshes/S_1_Unit_Plane.uasset" 74
"../../../Engine/Content/ArtTools/RenderToTexture/Meshes/S_1_Unit_Plane.uexp" 75
"../../../Engine/Content/EditorMaterials/ParticleSystems/PSysThumbnail_NoImage.ubulk" 76
"../../../Engine/Content/EditorMaterials/ParticleSystems/PSysThumbnail_NoImage.uasset" 77
"../../../Engine/Content/EditorMaterials/ParticleSystems/PSysThumbnail_NoImage.uexp" 78
"../../../Engine/Content/EditorMaterials/ParticleSystems/PSysThumbnail_OOD.ubulk" 79
"../../../Engine/Content/EditorMaterials/ParticleSystems/PSysThumbnail_OOD.uasset" 80
"../../../Engine/Content/EditorMaterials/ParticleSystems/PSysThumbnail_OOD.uexp" 81
"../../../Engine/Content/EditorLandscapeResources/SplineEditorMeshMat.uasset" 82
"../../../Engine/Content/EditorLandscapeResources/SplineEditorMeshMat.uexp" 83
"../../../Engine/Content/EditorLandscapeResources/SplineEditorMesh.uasset" 84
"../../../Engine/Content/EditorLandscapeResources/SplineEditorMesh.uexp" 85
"../../../Engine/Content/EditorResources/S_Solver.ubulk" 86
"../../../Engine/Content/EditorResources/S_Solver.uasset" 87
"../../../Engine/Content/EditorResources/S_Solver.uexp" 88
"../../../Engine/Plugins/Media/MediaPlate/Content/SM_MediaPlateScreen.uasset" 89
"../../../Engine/Plugins/Media/MediaPlate/Content/SM_MediaPlateScreen.uexp" 90
"../../../Engine/Content/EngineMaterials/Good64x64TilingNoiseHighFreq.uasset" 91
"../../../Engine/Content/EngineMaterials/Good64x64TilingNoiseHighFreq.uexp" 92
"../../../Engine/Content/EngineMaterials/DefaultBokeh.uasset" 93
"../../../Engine/Content/EngineMaterials/DefaultBokeh.uexp" 94
"../../../Engine/Content/EngineMaterials/PreintegratedSkinBRDF.uasset" 95
"../../../Engine/Content/EngineMaterials/PreintegratedSkinBRDF.uexp" 96
"../../../Engine/Content/EngineMaterials/MiniFont.uasset" 97
"../../../Engine/Content/EngineMaterials/MiniFont.uexp" 98
"../../../Engine/Content/EngineMaterials/WeightMapPlaceholderTexture.uasset" 99
"../../../Engine/Content/EngineMaterials/WeightMapPlaceholderTexture.uexp" 100
"../../../Engine/Content/EngineMaterials/DefaultWhiteGrid.ubulk" 101
"../../../Engine/Content/EngineMaterials/DefaultWhiteGrid.uasset" 102
"../../../Engine/Content/EngineMaterials/DefaultWhiteGrid.uexp" 103
"../../../Engine/Plugins/2D/Paper2D/Content/PlaceholderTextures/DummySpriteTexture.ubulk" 104
"../../../Engine/Plugins/2D/Paper2D/Content/PlaceholderTextures/DummySpriteTexture.uasset" 105
"../../../Engine/Plugins/2D/Paper2D/Content/PlaceholderTextures/DummySpriteTexture.uexp" 106
"../../../Engine/Plugins/2D/Paper2D/Content/DefaultSpriteMaterial.uasset" 107
"../../../Engine/Plugins/2D/Paper2D/Content/DefaultSpriteMaterial.uexp" 108
"../../../Engine/Plugins/2D/Paper2D/Content/OpaqueUnlitSpriteMaterial.uasset" 109
"../../../Engine/Plugins/2D/Paper2D/Content/OpaqueUnlitSpriteMaterial.uexp" 110
"../../../Engine/Plugins/2D/Paper2D/Content/MaskedUnlitSpriteMaterial.uasset" 111
"../../../Engine/Plugins/2D/Paper2D/Content/MaskedUnlitSpriteMaterial.uexp" 112
"../../../Engine/Plugins/2D/Paper2D/Content/DummySprite.uasset" 113
"../../../Engine/Plugins/2D/Paper2D/Content/DummySprite.uexp" 114
"../../../Engine/Plugins/2D/Paper2D/Content/DefaultPaperTerrainMaterial.uasset" 115
"../../../Engine/Plugins/2D/Paper2D/Content/DefaultPaperTerrainMaterial.uexp" 116
"../../../Engine/Content/Functions/Engine_MaterialFunctions02/WorldPositionOffset/CameraOffset.uasset" 117
"../../../Engine/Content/Functions/Engine_MaterialFunctions02/WorldPositionOffset/CameraOffset.uexp" 118
"../../../Engine/Plugins/Animation/ControlRig/Content/M_Manip.uasset" 119
"../../../Engine/Plugins/Animation/ControlRig/Content/M_Manip.uexp" 120
"../../../Engine/Plugins/Runtime/MeshModelingToolset/Content/Materials/M_DynamicMeshComponentVtxColor.uasset" 121
"../../../Engine/Plugins/Runtime/MeshModelingToolset/Content/Materials/M_DynamicMeshComponentVtxColor.uexp" 122
"../../../Engine/Plugins/Interchange/Runtime/Content/Pipelines/DefaultTexturePipeline.uasset" 123
"../../../Engine/Plugins/Interchange/Runtime/Content/Pipelines/DefaultTexturePipeline.uexp" 124
"../../../Engine/Plugins/Interchange/Runtime/Content/Pipelines/DefaultSceneLevelPipeline.uasset" 125
"../../../Engine/Plugins/Interchange/Runtime/Content/Pipelines/DefaultSceneLevelPipeline.uexp" 126
"../../../Engine/Plugins/Interchange/Runtime/Content/Pipelines/DefaultSceneAssetsPipeline.uasset" 127
"../../../Engine/Plugins/Interchange/Runtime/Content/Pipelines/DefaultSceneAssetsPipeline.uexp" 128
"../../../Engine/Plugins/Interchange/Runtime/Content/Pipelines/DefaultMaterialPipeline.uasset" 129
"../../../Engine/Plugins/Interchange/Runtime/Content/Pipelines/DefaultMaterialPipeline.uexp" 130
"../../../Engine/Plugins/Interchange/Runtime/Content/Pipelines/DefaultAssetsPipeline.uasset" 131
"../../../Engine/Plugins/Interchange/Runtime/Content/Pipelines/DefaultAssetsPipeline.uexp" 132
"../../../Engine/Plugins/Editor/SpeedTreeImporter/Content/SpeedTree9/game_wind_noise.ubulk" 133
"../../../Engine/Plugins/Editor/SpeedTreeImporter/Content/SpeedTree9/game_wind_noise.uasset" 134
"../../../Engine/Plugins/Editor/SpeedTreeImporter/Content/SpeedTree9/game_wind_noise.uexp" 135
"../../../Engine/Plugins/Editor/SpeedTreeImporter/Content/SpeedTree9/UnpackDirection.uasset" 136
"../../../Engine/Plugins/Editor/SpeedTreeImporter/Content/SpeedTree9/UnpackDirection.uexp" 137
"../../../Engine/Content/Functions/Engine_MaterialFunctions02/ObjectLocalBounds.uasset" 138
"../../../Engine/Content/Functions/Engine_MaterialFunctions02/ObjectLocalBounds.uexp" 139
"../../../Engine/Content/Functions/Engine_MaterialFunctions02/Utility/BreakOutFloat3Components.uasset" 140
"../../../Engine/Content/Functions/Engine_MaterialFunctions02/Utility/BreakOutFloat3Components.uexp" 141
"../../../Engine/Content/Functions/Engine_MaterialFunctions02/UVs/BoundingBoxBased_0-1_UVW.uasset" 142
"../../../Engine/Content/Functions/Engine_MaterialFunctions02/UVs/BoundingBoxBased_0-1_UVW.uexp" 143
"../../../Engine/Content/Functions/Engine_MaterialFunctions02/Utility/VectorLength.uasset" 144
"../../../Engine/Content/Functions/Engine_MaterialFunctions02/Utility/VectorLength.uexp" 145
"../../../Engine/Plugins/Editor/SpeedTreeImporter/Content/SpeedTree9/UnpackInteger3.uasset" 146
"../../../Engine/Plugins/Editor/SpeedTreeImporter/Content/SpeedTree9/UnpackInteger3.uexp" 147
"../../../Engine/Plugins/Editor/SpeedTreeImporter/Content/SpeedTree9/SpeedTreeCameraFacing.uasset" 148
"../../../Engine/Plugins/Editor/SpeedTreeImporter/Content/SpeedTree9/SpeedTreeCameraFacing.uexp" 149
"../../../Engine/Content/Functions/Engine_MaterialFunctions02/WorldPositionOffset/ObjectScale.uasset" 150
"../../../Engine/Content/Functions/Engine_MaterialFunctions02/WorldPositionOffset/ObjectScale.uexp" 151
"../../../Engine/Content/Functions/Engine_MaterialFunctions02/SafeNormalize.uasset" 152
"../../../Engine/Content/Functions/Engine_MaterialFunctions02/SafeNormalize.uexp" 153
"../../../Engine/Plugins/Editor/SpeedTreeImporter/Content/SpeedTree9/SpeedTreeWindMotion.uasset" 154
"../../../Engine/Plugins/Editor/SpeedTreeImporter/Content/SpeedTree9/SpeedTreeWindMotion.uexp" 155
"../../../Engine/Plugins/Editor/SpeedTreeImporter/Content/SpeedTree9/SpeedTreeBranchMotion.uasset" 156
"../../../Engine/Plugins/Editor/SpeedTreeImporter/Content/SpeedTree9/SpeedTreeBranchMotion.uexp" 157
"../../../Engine/Plugins/Editor/SpeedTreeImporter/Content/SpeedTree9/SpeedTreeWind.uasset" 158
"../../../Engine/Plugins/Editor/SpeedTreeImporter/Content/SpeedTree9/SpeedTreeWind.uexp" 159
"../../../Engine/Plugins/Editor/SpeedTreeImporter/Content/SpeedTree9/EmptyNormal.uasset" 160
"../../../Engine/Plugins/Editor/SpeedTreeImporter/Content/SpeedTree9/EmptyNormal.uexp" 161
"../../../Engine/Plugins/Editor/SpeedTreeImporter/Content/SpeedTree9/Empty.uasset" 162
"../../../Engine/Plugins/Editor/SpeedTreeImporter/Content/SpeedTree9/Empty.uexp" 163
"../../../Engine/Plugins/Editor/SpeedTreeImporter/Content/SpeedTree9/SpeedTreeMaster.uasset" 164
"../../../Engine/Plugins/Editor/SpeedTreeImporter/Content/SpeedTree9/SpeedTreeMaster.uexp" 165
"../../../Engine/Plugins/Editor/SpeedTreeImporter/Content/SpeedTree9/SpeedTreeBillboard.uasset" 166
"../../../Engine/Plugins/Editor/SpeedTreeImporter/Content/SpeedTree9/SpeedTreeBillboard.uexp" 167
"../../../Engine/Plugins/Editor/SpeedTreeImporter/Content/SpeedTree9/SpeedTreeBillboardMaster.uasset" 168
"../../../Engine/Plugins/Editor/SpeedTreeImporter/Content/SpeedTree9/SpeedTreeBillboardMaster.uexp" 169
"../../../Engine/Plugins/Animation/ControlRig/Content/Controls/DefaultGizmoLibraryNormalized.uasset" 170
"../../../Engine/Plugins/Animation/ControlRig/Content/Controls/DefaultGizmoLibraryNormalized.uexp" 171
"../../../Engine/Plugins/Animation/ControlRig/Content/Controls/ControlRig_Wedge_solid.uasset" 172
"../../../Engine/Plugins/Animation/ControlRig/Content/Controls/ControlRig_Wedge_solid.uexp" 173
"../../../Engine/Plugins/Animation/ControlRig/Content/Controls/ControlRig_Wedge_3mm.uasset" 174
"../../../Engine/Plugins/Animation/ControlRig/Content/Controls/ControlRig_Wedge_3mm.uexp" 175
"../../../Engine/Plugins/Animation/ControlRig/Content/Controls/ControlRig_Wedge_1mm.uasset" 176
"../../../Engine/Plugins/Animation/ControlRig/Content/Controls/ControlRig_Wedge_1mm.uexp" 177
"../../../Engine/Plugins/Animation/ControlRig/Content/Controls/ControlRig_Triangle_solid.uasset" 178
"../../../Engine/Plugins/Animation/ControlRig/Content/Controls/ControlRig_Triangle_solid.uexp" 179
"../../../Engine/Plugins/Animation/ControlRig/Content/Controls/ControlRig_Triangle_3mm.uasset" 180
"../../../Engine/Plugins/Animation/ControlRig/Content/Controls/ControlRig_Triangle_3mm.uexp" 181
"../../../Engine/Plugins/Animation/ControlRig/Content/Controls/ControlRig_Triangle_1mm.uasset" 182
"../../../Engine/Plugins/Animation/ControlRig/Content/Controls/ControlRig_Triangle_1mm.uexp" 183
"../../../Engine/Plugins/Animation/ControlRig/Content/Controls/ControlRig_Star4_solid.uasset" 184
"../../../Engine/Plugins/Animation/ControlRig/Content/Controls/ControlRig_Star4_solid.uexp" 185
"../../../Engine/Plugins/Animation/ControlRig/Content/Controls/ControlRig_Star4_3mm.uasset" 186
"../../../Engine/Plugins/Animation/ControlRig/Content/Controls/ControlRig_Star4_3mm.uexp" 187
"../../../Engine/Plugins/Animation/ControlRig/Content/Controls/ControlRig_Star4_1mm.uasset" 188
"../../../Engine/Plugins/Animation/ControlRig/Content/Controls/ControlRig_Star4_1mm.uexp" 189
"../../../Engine/Plugins/Animation/ControlRig/Content/Controls/ControlRig_Square_solid.uasset" 190
"../../../Engine/Plugins/Animation/ControlRig/Content/Controls/ControlRig_Square_solid.uexp" 191
"../../../Engine/Plugins/Animation/ControlRig/Content/Controls/ControlRig_Square_3mm.uasset" 192
"../../../Engine/Plugins/Animation/ControlRig/Content/Controls/ControlRig_Square_3mm.uexp" 193
"../../../Engine/Plugins/Animation/ControlRig/Content/Controls/ControlRig_Square_1mm.uasset" 194
"../../../Engine/Plugins/Animation/ControlRig/Content/Controls/ControlRig_Square_1mm.uexp" 195
"../../../Engine/Plugins/Animation/ControlRig/Content/Controls/ControlRig_Sphere_solid.uasset" 196
"../../../Engine/Plugins/Animation/ControlRig/Content/Controls/ControlRig_Sphere_solid.uexp" 197
"../../../Engine/Plugins/Animation/ControlRig/Content/Controls/ControlRig_Sphere_3mm.uasset" 198
"../../../Engine/Plugins/Animation/ControlRig/Content/Controls/ControlRig_Sphere_3mm.uexp" 199
"../../../Engine/Plugins/Animation/ControlRig/Content/Controls/ControlRig_Sphere_1mm.uasset" 200
"../../../Engine/Plugins/Animation/ControlRig/Content/Controls/ControlRig_Sphere_1mm.uexp" 201
"../../../Engine/Plugins/Animation/ControlRig/Content/Controls/ControlRig_RoundedTriangle_solid.uasset" 202
"../../../Engine/Plugins/Animation/ControlRig/Content/Controls/ControlRig_RoundedTriangle_solid.uexp" 203
"../../../Engine/Plugins/Animation/ControlRig/Content/Controls/ControlRig_RoundedTriangle_3mm.uasset" 204
"../../../Engine/Plugins/Animation/ControlRig/Content/Controls/ControlRig_RoundedTriangle_3mm.uexp" 205
"../../../Engine/Plugins/Animation/ControlRig/Content/Controls/ControlRig_RoundedTriangle_1mm.uasset" 206
"../../../Engine/Plugins/Animation/ControlRig/Content/Controls/ControlRig_RoundedTriangle_1mm.uexp" 207
"../../../Engine/Plugins/Animation/ControlRig/Content/Controls/ControlRig_RoundedSquare_solid.uasset" 208
"../../../Engine/Plugins/Animation/ControlRig/Content/Controls/ControlRig_RoundedSquare_solid.uexp" 209
"../../../Engine/Plugins/Animation/ControlRig/Content/Controls/ControlRig_RoundedSquare_3mm.uasset" 210
"../../../Engine/Plugins/Animation/ControlRig/Content/Controls/ControlRig_RoundedSquare_3mm.uexp" 211
"../../../Engine/Plugins/Animation/ControlRig/Content/Controls/ControlRig_RoundedSquare_1mm.uasset" 212
"../../../Engine/Plugins/Animation/ControlRig/Content/Controls/ControlRig_RoundedSquare_1mm.uexp" 213
"../../../Engine/Plugins/Animation/ControlRig/Content/Controls/ControlRig_QuarterCircle_solid.uasset" 214
"../../../Engine/Plugins/Animation/ControlRig/Content/Controls/ControlRig_QuarterCircle_solid.uexp" 215
"../../../Engine/Plugins/Animation/ControlRig/Content/Controls/ControlRig_QuarterCircle_3mm.uasset" 216
"../../../Engine/Plugins/Animation/ControlRig/Content/Controls/ControlRig_QuarterCircle_3mm.uexp" 217
"../../../Engine/Plugins/Animation/ControlRig/Content/Controls/ControlRig_QuarterCircle_1mm.uasset" 218
"../../../Engine/Plugins/Animation/ControlRig/Content/Controls/ControlRig_QuarterCircle_1mm.uexp" 219
"../../../Engine/Plugins/Animation/ControlRig/Content/Controls/ControlRig_Pyramid_solid.uasset" 220
"../../../Engine/Plugins/Animation/ControlRig/Content/Controls/ControlRig_Pyramid_solid.uexp" 221
"../../../Engine/Plugins/Animation/ControlRig/Content/Controls/ControlRig_Pyramid_3mm.uasset" 222
"../../../Engine/Plugins/Animation/ControlRig/Content/Controls/ControlRig_Pyramid_3mm.uexp" 223
"../../../Engine/Plugins/Animation/ControlRig/Content/Controls/ControlRig_Pyramid_1mm.uasset" 224
"../../../Engine/Plugins/Animation/ControlRig/Content/Controls/ControlRig_Pyramid_1mm.uexp" 225
"../../../Engine/Plugins/Animation/ControlRig/Content/Controls/ControlRig_Octagon_solid.uasset" 226
"../../../Engine/Plugins/Animation/ControlRig/Content/Controls/ControlRig_Octagon_solid.uexp" 227
"../../../Engine/Plugins/Animation/ControlRig/Content/Controls/ControlRig_Octagon_3mm.uasset" 228
"../../../Engine/Plugins/Animation/ControlRig/Content/Controls/ControlRig_Octagon_3mm.uexp" 229
"../../../Engine/Plugins/Animation/ControlRig/Content/Controls/ControlRig_Octagon_1mm.uasset" 230
"../../../Engine/Plugins/Animation/ControlRig/Content/Controls/ControlRig_Octagon_1mm.uexp" 231
"../../../Engine/Plugins/Animation/ControlRig/Content/Controls/ControlRig_Hexagon_solid.uasset" 232
"../../../Engine/Plugins/Animation/ControlRig/Content/Controls/ControlRig_Hexagon_solid.uexp" 233
"../../../Engine/Plugins/Animation/ControlRig/Content/Controls/ControlRig_Hexagon_3mm.uasset" 234
"../../../Engine/Plugins/Animation/ControlRig/Content/Controls/ControlRig_Hexagon_3mm.uexp" 235
"../../../Engine/Plugins/Animation/ControlRig/Content/Controls/ControlRig_Hexagon_1mm.uasset" 236
"../../../Engine/Plugins/Animation/ControlRig/Content/Controls/ControlRig_Hexagon_1mm.uexp" 237
"../../../Engine/Plugins/Animation/ControlRig/Content/Controls/ControlRig_HalfCircle_solid.uasset" 238
"../../../Engine/Plugins/Animation/ControlRig/Content/Controls/ControlRig_HalfCircle_solid.uexp" 239
"../../../Engine/Plugins/Animation/ControlRig/Content/Controls/ControlRig_HalfCircle_3mm.uasset" 240
"../../../Engine/Plugins/Animation/ControlRig/Content/Controls/ControlRig_HalfCircle_3mm.uexp" 241
"../../../Engine/Plugins/Animation/ControlRig/Content/Controls/ControlRig_HalfCircle_1mm.uasset" 242
"../../../Engine/Plugins/Animation/ControlRig/Content/Controls/ControlRig_HalfCircle_1mm.uexp" 243
"../../../Engine/Plugins/Animation/ControlRig/Content/Controls/ControlRig_Diamond_solid.uasset" 244
"../../../Engine/Plugins/Animation/ControlRig/Content/Controls/ControlRig_Diamond_solid.uexp" 245
"../../../Engine/Plugins/Animation/ControlRig/Content/Controls/ControlRig_Diamond_3mm.uasset" 246
"../../../Engine/Plugins/Animation/ControlRig/Content/Controls/ControlRig_Diamond_3mm.uexp" 247
"../../../Engine/Plugins/Animation/ControlRig/Content/Controls/ControlRig_Diamond_1mm.uasset" 248
"../../../Engine/Plugins/Animation/ControlRig/Content/Controls/ControlRig_Diamond_1mm.uexp" 249
"../../../Engine/Plugins/Animation/ControlRig/Content/Controls/ControlRig_Circle_solid.uasset" 250
"../../../Engine/Plugins/Animation/ControlRig/Content/Controls/ControlRig_Circle_solid.uexp" 251
"../../../Engine/Plugins/Animation/ControlRig/Content/Controls/ControlRig_Circle_3mm.uasset" 252
"../../../Engine/Plugins/Animation/ControlRig/Content/Controls/ControlRig_Circle_3mm.uexp" 253
"../../../Engine/Plugins/Animation/ControlRig/Content/Controls/ControlRig_Circle_1mm.uasset" 254
"../../../Engine/Plugins/Animation/ControlRig/Content/Controls/ControlRig_Circle_1mm.uexp" 255
"../../../Engine/Plugins/Animation/ControlRig/Content/Controls/ControlRig_Box_solid.uasset" 256
"../../../Engine/Plugins/Animation/ControlRig/Content/Controls/ControlRig_Box_solid.uexp" 257
"../../../Engine/Plugins/Animation/ControlRig/Content/Controls/ControlRig_Box_3mm.uasset" 258
"../../../Engine/Plugins/Animation/ControlRig/Content/Controls/ControlRig_Box_3mm.uexp" 259
"../../../Engine/Plugins/Animation/ControlRig/Content/Controls/ControlRig_Box_1mm.uasset" 260
"../../../Engine/Plugins/Animation/ControlRig/Content/Controls/ControlRig_Box_1mm.uexp" 261
"../../../Engine/Plugins/Animation/ControlRig/Content/Controls/ControlRig_Arrow_solid.uasset" 262
"../../../Engine/Plugins/Animation/ControlRig/Content/Controls/ControlRig_Arrow_solid.uexp" 263
"../../../Engine/Plugins/Animation/ControlRig/Content/Controls/ControlRig_Arrow_3mm.uasset" 264
"../../../Engine/Plugins/Animation/ControlRig/Content/Controls/ControlRig_Arrow_3mm.uexp" 265
"../../../Engine/Plugins/Animation/ControlRig/Content/Controls/ControlRig_Arrow_1mm.uasset" 266
"../../../Engine/Plugins/Animation/ControlRig/Content/Controls/ControlRig_Arrow_1mm.uexp" 267
"../../../Engine/Plugins/Animation/ControlRig/Content/Controls/ControlRig_Arrow4_solid.uasset" 268
"../../../Engine/Plugins/Animation/ControlRig/Content/Controls/ControlRig_Arrow4_solid.uexp" 269
"../../../Engine/Plugins/Animation/ControlRig/Content/Controls/ControlRig_Arrow4_3mm.uasset" 270
"../../../Engine/Plugins/Animation/ControlRig/Content/Controls/ControlRig_Arrow4_3mm.uexp" 271
"../../../Engine/Plugins/Animation/ControlRig/Content/Controls/ControlRig_Arrow4_1mm.uasset" 272
"../../../Engine/Plugins/Animation/ControlRig/Content/Controls/ControlRig_Arrow4_1mm.uexp" 273
"../../../Engine/Plugins/Animation/ControlRig/Content/Controls/ControlRig_Arrow2_solid.uasset" 274
"../../../Engine/Plugins/Animation/ControlRig/Content/Controls/ControlRig_Arrow2_solid.uexp" 275
"../../../Engine/Plugins/Animation/ControlRig/Content/Controls/ControlRig_Arrow2_3mm.uasset" 276
"../../../Engine/Plugins/Animation/ControlRig/Content/Controls/ControlRig_Arrow2_3mm.uexp" 277
"../../../Engine/Plugins/Animation/ControlRig/Content/Controls/ControlRig_Arrow2_1mm.uasset" 278
"../../../Engine/Plugins/Animation/ControlRig/Content/Controls/ControlRig_Arrow2_1mm.uexp" 279
"../../../Engine/Plugins/Animation/ControlRig/Content/Controls/ControlRigXRayMaterial.uasset" 280
"../../../Engine/Plugins/Animation/ControlRig/Content/Controls/ControlRigXRayMaterial.uexp" 281
"../../../Engine/Plugins/Animation/ControlRig/Content/Controls/ControlRigGizmoMaterial.uasset" 282
"../../../Engine/Plugins/Animation/ControlRig/Content/Controls/ControlRigGizmoMaterial.uexp" 283
"../../../Engine/Content/EngineSounds/Master.uasset" 284
"../../../Engine/Content/EngineSounds/Master.uexp" 285
"../../../Engine/Content/EngineResources/WhiteSquareTexture.uasset" 286
"../../../Engine/Content/EngineResources/WhiteSquareTexture.uexp" 287
"../../../Engine/Content/EngineMaterials/Widget3DPassThrough.uasset" 288
"../../../Engine/Content/EngineMaterials/Widget3DPassThrough.uexp" 289
"../../../Engine/Content/EngineMaterials/Widget3DPassThrough_Translucent.uasset" 290
"../../../Engine/Content/EngineMaterials/Widget3DPassThrough_Translucent.uexp" 291
"../../../Engine/Content/EngineMaterials/Widget3DPassThrough_Translucent_OneSided.uasset" 292
"../../../Engine/Content/EngineMaterials/Widget3DPassThrough_Translucent_OneSided.uexp" 293
"../../../Engine/Content/EngineMaterials/Widget3DPassThrough_Opaque.uasset" 294
"../../../Engine/Content/EngineMaterials/Widget3DPassThrough_Opaque.uexp" 295
"../../../Engine/Content/EngineMaterials/Widget3DPassThrough_Opaque_OneSided.uasset" 296
"../../../Engine/Content/EngineMaterials/Widget3DPassThrough_Opaque_OneSided.uexp" 297
"../../../Engine/Content/EngineMaterials/Widget3DPassThrough_Masked_OneSided.uasset" 298
"../../../Engine/Content/EngineMaterials/Widget3DPassThrough_Masked_OneSided.uexp" 299
"../../../Engine/Content/EngineMaterials/Widget3DPassThrough_Masked.uasset" 300
"../../../Engine/Content/EngineMaterials/Widget3DPassThrough_Masked.uexp" 301
"../../../Engine/Content/EngineMaterials/STBlueNoise_vec2_128x128x64.uasset" 302
"../../../Engine/Content/EngineMaterials/STBlueNoise_vec2_128x128x64.uexp" 303
"../../../Engine/Content/EngineMaterials/STBlueNoise_scalar_128x128x64.uasset" 304
"../../../Engine/Content/EngineMaterials/STBlueNoise_scalar_128x128x64.uexp" 305
"../../../Engine/Content/EngineMaterials/RemoveSurfaceMaterial.uasset" 306
"../../../Engine/Content/EngineMaterials/RemoveSurfaceMaterial.uexp" 307
"../../../Engine/Content/EngineMaterials/DefaultCalibrationGrayscale.uasset" 308
"../../../Engine/Content/EngineMaterials/DefaultCalibrationGrayscale.uexp" 309
"../../../Engine/Content/EngineMaterials/PPM_DefaultCalibrationGrayscale.uasset" 310
"../../../Engine/Content/EngineMaterials/PPM_DefaultCalibrationGrayscale.uexp" 311
"../../../Engine/Content/EngineMaterials/DefaultCalibrationColor.uasset" 312
"../../../Engine/Content/EngineMaterials/DefaultCalibrationColor.uexp" 313
"../../../Engine/Content/EngineMaterials/PPM_DefaultCalibrationColor.uasset" 314
"../../../Engine/Content/EngineMaterials/PPM_DefaultCalibrationColor.uexp" 315
"../../../Engine/Content/EngineMaterials/PhAT_JointLimitMaterial.uasset" 316
"../../../Engine/Content/EngineMaterials/PhAT_JointLimitMaterial.uexp" 317
"../../../Engine/Content/EngineMaterials/NaniteHiddenSectionMaterial.uasset" 318
"../../../Engine/Content/EngineMaterials/NaniteHiddenSectionMaterial.uexp" 319
"../../../Engine/Content/EngineMaterials/InvalidLightmapSettings.ubulk" 320
"../../../Engine/Content/EngineMaterials/InvalidLightmapSettings.uasset" 321
"../../../Engine/Content/EngineMaterials/InvalidLightmapSettings.uexp" 322
"../../../Engine/Content/EngineMaterials/M_InvalidLightmapSettings.uasset" 323
"../../../Engine/Content/EngineMaterials/M_InvalidLightmapSettings.uexp" 324
"../../../Engine/Content/EngineMaterials/GizmoMaterial.uasset" 325
"../../../Engine/Content/EngineMaterials/GizmoMaterial.uexp" 326
"../../../Engine/Content/EngineMaterials/BaseFlattenEmissiveMap_VT.uasset" 327
"../../../Engine/Content/EngineMaterials/BaseFlattenEmissiveMap_VT.uexp" 328
"../../../Engine/Content/EngineMaterials/BaseFlattenGrayscaleMap_VT.uasset" 329
"../../../Engine/Content/EngineMaterials/BaseFlattenGrayscaleMap_VT.uexp" 330
"../../../Engine/Content/EngineMaterials/BaseFlattenLinearColor_VT.uasset" 331
"../../../Engine/Content/EngineMaterials/BaseFlattenLinearColor_VT.uexp" 332
"../../../Engine/Content/EngineMaterials/Black_1x1_EXR_Texture_VT.uasset" 333
"../../../Engine/Content/EngineMaterials/Black_1x1_EXR_Texture_VT.uexp" 334
"../../../Engine/Content/EngineMaterials/BaseFlattenDiffuseMap_VT.uasset" 335
"../../../Engine/Content/EngineMaterials/BaseFlattenDiffuseMap_VT.uexp" 336
"../../../Engine/Content/EngineMaterials/BaseFlattenNormalMap_VT.uasset" 337
"../../../Engine/Content/EngineMaterials/BaseFlattenNormalMap_VT.uexp" 338
"../../../Engine/Content/EngineMaterials/FlattenMaterial_WS_Normal_VT.uasset" 339
"../../../Engine/Content/EngineMaterials/FlattenMaterial_WS_Normal_VT.uexp" 340
"../../../Engine/Content/EngineMaterials/FlattenMaterial_VT.uasset" 341
"../../../Engine/Content/EngineMaterials/FlattenMaterial_VT.uexp" 342
"../../../Engine/Content/EngineMaterials/BaseFlattenNormalMap.uasset" 343
"../../../Engine/Content/EngineMaterials/BaseFlattenNormalMap.uexp" 344
"../../../Engine/Content/EngineMaterials/BaseFlattenGrayscaleMap.uasset" 345
"../../../Engine/Content/EngineMaterials/BaseFlattenGrayscaleMap.uexp" 346
"../../../Engine/Content/EngineMaterials/BaseFlattenDiffuseMap.uasset" 347
"../../../Engine/Content/EngineMaterials/BaseFlattenDiffuseMap.uexp" 348
"../../../Engine/Content/Functions/Engine_MaterialFunctions02/PivotPainter2/Black_1x1_EXR_Texture.uasset" 349
"../../../Engine/Content/Functions/Engine_MaterialFunctions02/PivotPainter2/Black_1x1_EXR_Texture.uexp" 350
"../../../Engine/Content/EngineMaterials/BaseFlattenEmissiveMap.uasset" 351
"../../../Engine/Content/EngineMaterials/BaseFlattenEmissiveMap.uexp" 352
"../../../Engine/Content/EngineMaterials/BaseFlattenLinearColor.uasset" 353
"../../../Engine/Content/EngineMaterials/BaseFlattenLinearColor.uexp" 354
"../../../Engine/Content/EngineMaterials/FlattenMaterial.uasset" 355
"../../../Engine/Content/EngineMaterials/FlattenMaterial.uexp" 356
"../../../Engine/Content/EngineMaterials/DefaultWhiteGrid_Low.uasset" 357
"../../../Engine/Content/EngineMaterials/DefaultWhiteGrid_Low.uexp" 358
"../../../Engine/Content/EngineMaterials/EmissiveMeshMaterial.uasset" 359
"../../../Engine/Content/EngineMaterials/EmissiveMeshMaterial.uexp" 360
"../../../Engine/Content/EngineFonts/RobotoDistanceField.uasset" 361
"../../../Engine/Content/EngineFonts/RobotoDistanceField.uexp" 362
"../../../Engine/Content/EngineMaterials/DefaultTextMaterialOpaque.uasset" 363
"../../../Engine/Content/EngineMaterials/DefaultTextMaterialOpaque.uexp" 364
"../../../Engine/Content/EngineMaterials/DefaultDiffuse.ubulk" 365
"../../../Engine/Content/EngineMaterials/DefaultDiffuse.uasset" 366
"../../../Engine/Content/EngineMaterials/DefaultDiffuse.uexp" 367
"../../../Engine/Content/Functions/Engine_MaterialFunctions02/Utility/BreakOutFloat2Components.uasset" 368
"../../../Engine/Content/Functions/Engine_MaterialFunctions02/Utility/BreakOutFloat2Components.uexp" 369
"../../../Engine/Content/EngineMaterials/DefaultPostProcessMaterial.uasset" 370
"../../../Engine/Content/EngineMaterials/DefaultPostProcessMaterial.uexp" 371
"../../../Engine/Content/EngineMaterials/DefaultPhysicalMaterial.uasset" 372
"../../../Engine/Content/EngineMaterials/DefaultPhysicalMaterial.uexp" 373
"../../../Engine/Content/EngineMaterials/DefaultLightFunctionMaterial.uasset" 374
"../../../Engine/Content/EngineMaterials/DefaultLightFunctionMaterial.uexp" 375
"../../../Engine/Content/EngineMaterials/DefaultDestructiblePhysicalMaterial.uasset" 376
"../../../Engine/Content/EngineMaterials/DefaultDestructiblePhysicalMaterial.uexp" 377
"../../../Engine/Content/EngineMaterials/DefaultDeferredDecalMaterial.uasset" 378
"../../../Engine/Content/EngineMaterials/DefaultDeferredDecalMaterial.uexp" 379
"../../../Engine/Content/EngineMaterials/DefaultBloomKernel.uasset" 380
"../../../Engine/Content/EngineMaterials/DefaultBloomKernel.uexp" 381
"../../../Engine/Content/EngineFonts/Faces/RobotoLight.uexp" 382
"../../../Engine/Content/EngineFonts/Faces/RobotoLight.uasset" 383
"../../../Engine/Content/EngineFonts/Faces/RobotoLight.ufont" 384
"../../../Engine/Content/EngineFonts/Faces/RobotoBold.uexp" 385
"../../../Engine/Content/EngineFonts/Faces/RobotoBold.uasset" 386
"../../../Engine/Content/EngineFonts/Faces/RobotoBold.ufont" 387
"../../../Engine/Content/EngineFonts/Faces/RobotoRegular.uexp" 388
"../../../Engine/Content/EngineFonts/Faces/RobotoRegular.uasset" 389
"../../../Engine/Content/EngineFonts/Faces/RobotoRegular.ufont" 390
"../../../Engine/Content/EngineFonts/Faces/DroidSansFallback.uexp" 391
"../../../Engine/Content/EngineFonts/Faces/DroidSansFallback.uasset" 392
"../../../Engine/Content/EngineFonts/Faces/DroidSansFallback.ufont" 393
"../../../Engine/Content/EngineFonts/Faces/RobotoItalic.uexp" 394
"../../../Engine/Content/EngineFonts/Faces/RobotoItalic.uasset" 395
"../../../Engine/Content/EngineFonts/Faces/RobotoItalic.ufont" 396
"../../../Engine/Content/EngineFonts/Faces/RobotoBoldItalic.uexp" 397
"../../../Engine/Content/EngineFonts/Faces/RobotoBoldItalic.uasset" 398
"../../../Engine/Content/EngineFonts/Faces/RobotoBoldItalic.ufont" 399
"../../../Engine/Content/EngineFonts/Roboto.uasset" 400
"../../../Engine/Content/EngineFonts/Roboto.uexp" 401
"../../../Engine/Content/Functions/Engine_MaterialFunctions02/Utility/CameraDirectionVector.uasset" 402
"../../../Engine/Content/Functions/Engine_MaterialFunctions02/Utility/CameraDirectionVector.uexp" 403
"../../../Engine/Content/EngineDebugMaterials/VolumeToRender.uasset" 404
"../../../Engine/Content/EngineDebugMaterials/VolumeToRender.uexp" 405
"../../../Engine/Content/EngineDebugMaterials/M_VolumeRenderSphereTracePP.uasset" 406
"../../../Engine/Content/EngineDebugMaterials/M_VolumeRenderSphereTracePP.uexp" 407
"../../../Engine/Content/EngineDebugMaterials/M_SimpleUnlitTranslucent.uasset" 408
"../../../Engine/Content/EngineDebugMaterials/M_SimpleUnlitTranslucent.uexp" 409
"../../../Engine/Content/EngineDebugMaterials/DebugMeshMaterial.uasset" 410
"../../../Engine/Content/EngineDebugMaterials/DebugMeshMaterial.uexp" 411
"../../../Engine/Content/EngineDebugMaterials/DebugEditorMaterial.uasset" 412
"../../../Engine/Content/EngineDebugMaterials/DebugEditorMaterial.uexp" 413
"../../../Engine/Content/EngineDamageTypes/DmgTypeBP_Environmental.uasset" 414
"../../../Engine/Content/EngineDamageTypes/DmgTypeBP_Environmental.uexp" 415
"../../../Engine/Content/EditorResources/S_Terrain.ubulk" 416
"../../../Engine/Content/EditorResources/S_Terrain.uasset" 417
"../../../Engine/Content/EditorResources/S_Terrain.uexp" 418
"../../../Engine/Content/EditorResources/BSPVertex.uasset" 419
"../../../Engine/Content/EditorResources/BSPVertex.uexp" 420
"../../../Engine/Content/EditorMaterials/PreviewShadowIndicator.ubulk" 421
"../../../Engine/Content/EditorMaterials/PreviewShadowIndicator.uasset" 422
"../../../Engine/Content/EditorMaterials/PreviewShadowIndicator.uexp" 423
"../../../Engine/Content/EditorMaterials/PreviewShadowIndicatorMaterial.uasset" 424
"../../../Engine/Content/EditorMaterials/PreviewShadowIndicatorMaterial.uexp" 425
"../../../Engine/Content/EditorMaterials/PhAT_UnselectedMaterial.uasset" 426
"../../../Engine/Content/EditorMaterials/PhAT_UnselectedMaterial.uexp" 427
"../../../Engine/Content/EditorMaterials/PhAT_NoCollisionMaterial.uasset" 428
"../../../Engine/Content/EditorMaterials/PhAT_NoCollisionMaterial.uexp" 429
"../../../Engine/Content/EditorLandscapeResources/DefaultAlphaTexture.uasset" 430
"../../../Engine/Content/EditorLandscapeResources/DefaultAlphaTexture.uexp" 431
"../../../Engine/Content/EditorLandscapeResources/DataLayer.uasset" 432
"../../../Engine/Content/EditorLandscapeResources/DataLayer.uexp" 433
"../../../Engine/Content/BasicShapes/Plane.uasset" 434
"../../../Engine/Content/BasicShapes/Plane.uexp" 435
"../../../Engine/Content/EngineMaterials/DefaultMaterial.uasset" 436
"../../../Engine/Content/EngineMaterials/DefaultMaterial.uexp" 437
"../../../Engine/Content/BasicShapes/Cylinder.uasset" 438
"../../../Engine/Content/BasicShapes/Cylinder.uexp" 439
"../../../Engine/Content/BasicShapes/Cube.uasset" 440
"../../../Engine/Content/BasicShapes/Cube.uexp" 441
"../../../Engine/Content/BasicShapes/Cone.uasset" 442
"../../../Engine/Content/BasicShapes/Cone.uexp" 443
"../../../Engine/Content/BasicShapes/Sphere.uasset" 444
"../../../Engine/Content/BasicShapes/Sphere.uexp" 445
"C:/Users/emanu/OneDrive/Desktop/YellowMan/Content/LevelPrototyping/Materials/M_Solid.uasset" 446
"C:/Users/emanu/OneDrive/Desktop/YellowMan/Content/LevelPrototyping/Materials/M_Solid.uexp" 447
"C:/Users/emanu/OneDrive/Desktop/YellowMan/Content/Assets/Materials/MI_Solid_Yellow.uasset" 448
"C:/Users/emanu/OneDrive/Desktop/YellowMan/Content/Assets/Materials/MI_Solid_Yellow.uexp" 449
"C:/Users/emanu/OneDrive/Desktop/YellowMan/Content/Characters/Mannequins/Meshes/SK_Mannequin.uasset" 450
"C:/Users/emanu/OneDrive/Desktop/YellowMan/Content/Characters/Mannequins/Meshes/SK_Mannequin.uexp" 451
"C:/Users/emanu/OneDrive/Desktop/YellowMan/Content/Characters/Mannequins/Textures/Quinn/T_Quinn_02ID_MSR_MSK.ubulk" 452
"C:/Users/emanu/OneDrive/Desktop/YellowMan/Content/Characters/Mannequins/Textures/Quinn/T_Quinn_02ID_MSR_MSK.uasset" 453
"C:/Users/emanu/OneDrive/Desktop/YellowMan/Content/Characters/Mannequins/Textures/Quinn/T_Quinn_02ID_MSR_MSK.uexp" 454
"C:/Users/emanu/OneDrive/Desktop/YellowMan/Content/Characters/Mannequins/Textures/Quinn/T_Quinn_02ID_BN.ubulk" 455
"C:/Users/emanu/OneDrive/Desktop/YellowMan/Content/Characters/Mannequins/Textures/Quinn/T_Quinn_02ID_BN.uasset" 456
"C:/Users/emanu/OneDrive/Desktop/YellowMan/Content/Characters/Mannequins/Textures/Quinn/T_Quinn_02ID_BN.uexp" 457
"C:/Users/emanu/OneDrive/Desktop/YellowMan/Content/Characters/Mannequins/Textures/Quinn/T_Quinn_02_ASAOMASK_MSK.ubulk" 458
"C:/Users/emanu/OneDrive/Desktop/YellowMan/Content/Characters/Mannequins/Textures/Quinn/T_Quinn_02_ASAOMASK_MSK.uasset" 459
"C:/Users/emanu/OneDrive/Desktop/YellowMan/Content/Characters/Mannequins/Textures/Quinn/T_Quinn_02_ASAOMASK_MSK.uexp" 460
"C:/Users/emanu/OneDrive/Desktop/YellowMan/Content/Characters/Mannequins/Textures/Quinn/T_Quinn_02_CCRCCPlastic_MSK.ubulk" 461
"C:/Users/emanu/OneDrive/Desktop/YellowMan/Content/Characters/Mannequins/Textures/Quinn/T_Quinn_02_CCRCCPlastic_MSK.uasset" 462
"C:/Users/emanu/OneDrive/Desktop/YellowMan/Content/Characters/Mannequins/Textures/Quinn/T_Quinn_02_CCRCCPlastic_MSK.uexp" 463
"C:/Users/emanu/OneDrive/Desktop/YellowMan/Content/Characters/Mannequins/Textures/Quinn/T_Quinn_02ID_Tan.ubulk" 464
"C:/Users/emanu/OneDrive/Desktop/YellowMan/Content/Characters/Mannequins/Textures/Quinn/T_Quinn_02ID_Tan.uasset" 465
"C:/Users/emanu/OneDrive/Desktop/YellowMan/Content/Characters/Mannequins/Textures/Quinn/T_Quinn_02ID_Tan.uexp" 466
"C:/Users/emanu/OneDrive/Desktop/YellowMan/Content/Characters/Mannequins/Textures/Quinn/T_Quinn_02ID_D.ubulk" 467
"C:/Users/emanu/OneDrive/Desktop/YellowMan/Content/Characters/Mannequins/Textures/Quinn/T_Quinn_02ID_D.uasset" 468
"C:/Users/emanu/OneDrive/Desktop/YellowMan/Content/Characters/Mannequins/Textures/Quinn/T_Quinn_02ID_D.uexp" 469
"C:/Users/emanu/OneDrive/Desktop/YellowMan/Content/Characters/Mannequins/Textures/Quinn/T_Quinn_01ID_MSR_MSK.ubulk" 470
"C:/Users/emanu/OneDrive/Desktop/YellowMan/Content/Characters/Mannequins/Textures/Quinn/T_Quinn_01ID_MSR_MSK.uasset" 471
"C:/Users/emanu/OneDrive/Desktop/YellowMan/Content/Characters/Mannequins/Textures/Quinn/T_Quinn_01ID_MSR_MSK.uexp" 472
"C:/Users/emanu/OneDrive/Desktop/YellowMan/Content/Characters/Mannequins/Materials/Functions/ChromaticCurve.uasset" 473
"C:/Users/emanu/OneDrive/Desktop/YellowMan/Content/Characters/Mannequins/Materials/Functions/ChromaticCurve.uexp" 474
"C:/Users/emanu/OneDrive/Desktop/YellowMan/Content/Characters/Mannequins/Materials/Functions/CA_Mannequin.uasset" 475
"C:/Users/emanu/OneDrive/Desktop/YellowMan/Content/Characters/Mannequins/Materials/Functions/CA_Mannequin.uexp" 476
"C:/Users/emanu/OneDrive/Desktop/YellowMan/Content/Characters/Mannequins/Materials/Functions/MF_Diffraction.uasset" 477
"C:/Users/emanu/OneDrive/Desktop/YellowMan/Content/Characters/Mannequins/Materials/Functions/MF_Diffraction.uexp" 478
"C:/Users/emanu/OneDrive/Desktop/YellowMan/Content/Characters/Mannequins/Textures/Manny/T_Manny_01_N.ubulk" 479
"C:/Users/emanu/OneDrive/Desktop/YellowMan/Content/Characters/Mannequins/Textures/Manny/T_Manny_01_N.uasset" 480
"C:/Users/emanu/OneDrive/Desktop/YellowMan/Content/Characters/Mannequins/Textures/Manny/T_Manny_01_N.uexp" 481
"C:/Users/emanu/OneDrive/Desktop/YellowMan/Content/Characters/Mannequins/Materials/Functions/ML_BaseColorFallOff.uasset" 482
"C:/Users/emanu/OneDrive/Desktop/YellowMan/Content/Characters/Mannequins/Materials/Functions/ML_BaseColorFallOff.uexp" 483
"../../../Engine/Content/Functions/Engine_MaterialFunctions01/Texturing/ScaleUVsByCenter.uasset" 484
"../../../Engine/Content/Functions/Engine_MaterialFunctions01/Texturing/ScaleUVsByCenter.uexp" 485
"C:/Users/emanu/OneDrive/Desktop/YellowMan/Content/Characters/Mannequins/Textures/Shared/T_UE_Logo_M.uasset" 486
"C:/Users/emanu/OneDrive/Desktop/YellowMan/Content/Characters/Mannequins/Textures/Shared/T_UE_Logo_M.uexp" 487
"C:/Users/emanu/OneDrive/Desktop/YellowMan/Content/Characters/Mannequins/Materials/Functions/MF_logo3layers.uasset" 488
"C:/Users/emanu/OneDrive/Desktop/YellowMan/Content/Characters/Mannequins/Materials/Functions/MF_logo3layers.uexp" 489
"C:/Users/emanu/OneDrive/Desktop/YellowMan/Content/Characters/Mannequins/Textures/Manny/T_Manny_01_CCRCCPlastic_MSK.ubulk" 490
"C:/Users/emanu/OneDrive/Desktop/YellowMan/Content/Characters/Mannequins/Textures/Manny/T_Manny_01_CCRCCPlastic_MSK.uasset" 491
"C:/Users/emanu/OneDrive/Desktop/YellowMan/Content/Characters/Mannequins/Textures/Manny/T_Manny_01_CCRCCPlastic_MSK.uexp" 492
"C:/Users/emanu/OneDrive/Desktop/YellowMan/Content/Characters/Mannequins/Textures/Manny/T_Manny_01_ASAOPMASK_MSK.ubulk" 493
"C:/Users/emanu/OneDrive/Desktop/YellowMan/Content/Characters/Mannequins/Textures/Manny/T_Manny_01_ASAOPMASK_MSK.uasset" 494
"C:/Users/emanu/OneDrive/Desktop/YellowMan/Content/Characters/Mannequins/Textures/Manny/T_Manny_01_ASAOPMASK_MSK.uexp" 495
"C:/Users/emanu/OneDrive/Desktop/YellowMan/Content/Characters/Mannequins/Textures/Manny/T_Manny_01_MSR_MSK.ubulk" 496
"C:/Users/emanu/OneDrive/Desktop/YellowMan/Content/Characters/Mannequins/Textures/Manny/T_Manny_01_MSR_MSK.uasset" 497
"C:/Users/emanu/OneDrive/Desktop/YellowMan/Content/Characters/Mannequins/Textures/Manny/T_Manny_01_MSR_MSK.uexp" 498
"C:/Users/emanu/OneDrive/Desktop/YellowMan/Content/Characters/Mannequins/Textures/Manny/T_Manny_01_BN.ubulk" 499
"C:/Users/emanu/OneDrive/Desktop/YellowMan/Content/Characters/Mannequins/Textures/Manny/T_Manny_01_BN.uasset" 500
"C:/Users/emanu/OneDrive/Desktop/YellowMan/Content/Characters/Mannequins/Textures/Manny/T_Manny_01_BN.uexp" 501
"C:/Users/emanu/OneDrive/Desktop/YellowMan/Content/Characters/Mannequins/Textures/Manny/T_Manny_01_D.ubulk" 502
"C:/Users/emanu/OneDrive/Desktop/YellowMan/Content/Characters/Mannequins/Textures/Manny/T_Manny_01_D.uasset" 503
"C:/Users/emanu/OneDrive/Desktop/YellowMan/Content/Characters/Mannequins/Textures/Manny/T_Manny_01_D.uexp" 504
"C:/Users/emanu/OneDrive/Desktop/YellowMan/Content/Characters/Mannequins/Textures/Manny/T_Manny_01_Tan.ubulk" 505
"C:/Users/emanu/OneDrive/Desktop/YellowMan/Content/Characters/Mannequins/Textures/Manny/T_Manny_01_Tan.uasset" 506
"C:/Users/emanu/OneDrive/Desktop/YellowMan/Content/Characters/Mannequins/Textures/Manny/T_Manny_01_Tan.uexp" 507
"C:/Users/emanu/OneDrive/Desktop/YellowMan/Content/Characters/Mannequins/Materials/M_Mannequin.uasset" 508
"C:/Users/emanu/OneDrive/Desktop/YellowMan/Content/Characters/Mannequins/Materials/M_Mannequin.uexp" 509
"C:/Users/emanu/OneDrive/Desktop/YellowMan/Content/Characters/Mannequins/Textures/Quinn/T_Quinn_01_ASAOMASK_MSK.ubulk" 510
"C:/Users/emanu/OneDrive/Desktop/YellowMan/Content/Characters/Mannequins/Textures/Quinn/T_Quinn_01_ASAOMASK_MSK.uasset" 511
"C:/Users/emanu/OneDrive/Desktop/YellowMan/Content/Characters/Mannequins/Textures/Quinn/T_Quinn_01_ASAOMASK_MSK.uexp" 512
"C:/Users/emanu/OneDrive/Desktop/YellowMan/Content/Characters/Mannequins/Textures/Quinn/T_Quinn_01ID_N.ubulk" 513
"C:/Users/emanu/OneDrive/Desktop/YellowMan/Content/Characters/Mannequins/Textures/Quinn/T_Quinn_01ID_N.uasset" 514
"C:/Users/emanu/OneDrive/Desktop/YellowMan/Content/Characters/Mannequins/Textures/Quinn/T_Quinn_01ID_N.uexp" 515
"C:/Users/emanu/OneDrive/Desktop/YellowMan/Content/Characters/Mannequins/Textures/Quinn/T_Quinn_01ID_BN.ubulk" 516
"C:/Users/emanu/OneDrive/Desktop/YellowMan/Content/Characters/Mannequins/Textures/Quinn/T_Quinn_01ID_BN.uasset" 517
"C:/Users/emanu/OneDrive/Desktop/YellowMan/Content/Characters/Mannequins/Textures/Quinn/T_Quinn_01ID_BN.uexp" 518
"C:/Users/emanu/OneDrive/Desktop/YellowMan/Content/Characters/Mannequins/Textures/Quinn/T_Quinn_01ID_D.ubulk" 519
"C:/Users/emanu/OneDrive/Desktop/YellowMan/Content/Characters/Mannequins/Textures/Quinn/T_Quinn_01ID_D.uasset" 520
"C:/Users/emanu/OneDrive/Desktop/YellowMan/Content/Characters/Mannequins/Textures/Quinn/T_Quinn_01ID_D.uexp" 521
"C:/Users/emanu/OneDrive/Desktop/YellowMan/Content/Characters/Mannequins/Textures/Quinn/T_Quinn_01ID_Tan.ubulk" 522
"C:/Users/emanu/OneDrive/Desktop/YellowMan/Content/Characters/Mannequins/Textures/Quinn/T_Quinn_01ID_Tan.uasset" 523
"C:/Users/emanu/OneDrive/Desktop/YellowMan/Content/Characters/Mannequins/Textures/Quinn/T_Quinn_01ID_Tan.uexp" 524
"C:/Users/emanu/OneDrive/Desktop/YellowMan/Content/Characters/Mannequins/Textures/Quinn/T_Quinn_01_CCRCCPlastic_MSK.ubulk" 525
"C:/Users/emanu/OneDrive/Desktop/YellowMan/Content/Characters/Mannequins/Textures/Quinn/T_Quinn_01_CCRCCPlastic_MSK.uasset" 526
"C:/Users/emanu/OneDrive/Desktop/YellowMan/Content/Characters/Mannequins/Textures/Quinn/T_Quinn_01_CCRCCPlastic_MSK.uexp" 527
"C:/Users/emanu/OneDrive/Desktop/YellowMan/Content/Characters/Mannequins/Materials/Instances/Quinn/MI_Quinn_01.uasset" 528
"C:/Users/emanu/OneDrive/Desktop/YellowMan/Content/Characters/Mannequins/Materials/Instances/Quinn/MI_Quinn_01.uexp" 529
"C:/Users/emanu/OneDrive/Desktop/YellowMan/Content/Characters/Mannequins/Textures/Quinn/T_Quinn_02ID_N.ubulk" 530
"C:/Users/emanu/OneDrive/Desktop/YellowMan/Content/Characters/Mannequins/Textures/Quinn/T_Quinn_02ID_N.uasset" 531
"C:/Users/emanu/OneDrive/Desktop/YellowMan/Content/Characters/Mannequins/Textures/Quinn/T_Quinn_02ID_N.uexp" 532
"C:/Users/emanu/OneDrive/Desktop/YellowMan/Content/Characters/Mannequins/Materials/Instances/Quinn/MI_Quinn_02.uasset" 533
"C:/Users/emanu/OneDrive/Desktop/YellowMan/Content/Characters/Mannequins/Materials/Instances/Quinn/MI_Quinn_02.uexp" 534
"C:/Users/emanu/OneDrive/Desktop/YellowMan/Content/Characters/Mannequins/Rigs/PA_Mannequin.uasset" 535
"C:/Users/emanu/OneDrive/Desktop/YellowMan/Content/Characters/Mannequins/Rigs/PA_Mannequin.uexp" 536
"C:/Users/emanu/OneDrive/Desktop/YellowMan/Content/Characters/Mannequins/Meshes/SKM_Quinn_Simple.uasset" 537
"C:/Users/emanu/OneDrive/Desktop/YellowMan/Content/Characters/Mannequins/Meshes/SKM_Quinn_Simple.uexp" 538
"C:/Users/emanu/OneDrive/Desktop/YellowMan/Content/ThirdPerson/Input/Actions/IA_Jump.uasset" 539
"C:/Users/emanu/OneDrive/Desktop/YellowMan/Content/ThirdPerson/Input/Actions/IA_Jump.uexp" 540
"C:/Users/emanu/OneDrive/Desktop/YellowMan/Content/ThirdPerson/Input/Actions/IA_Move.uasset" 541
"C:/Users/emanu/OneDrive/Desktop/YellowMan/Content/ThirdPerson/Input/Actions/IA_Move.uexp" 542
"C:/Users/emanu/OneDrive/Desktop/YellowMan/Content/ThirdPerson/Input/IMC_Default.uasset" 543
"C:/Users/emanu/OneDrive/Desktop/YellowMan/Content/ThirdPerson/Input/IMC_Default.uexp" 544
"../../../Engine/Content/Animation/DefaultAnimCurveCompressionSettings.uasset" 545
"../../../Engine/Content/Animation/DefaultAnimCurveCompressionSettings.uexp" 546
"../../../Engine/Content/Animation/DefaultAnimBoneCompressionSettings.uasset" 547
"../../../Engine/Content/Animation/DefaultAnimBoneCompressionSettings.uexp" 548
"C:/Users/emanu/OneDrive/Desktop/YellowMan/Content/Characters/Mannequins/Animations/Quinn/MF_Run_Fwd.uasset" 549
"C:/Users/emanu/OneDrive/Desktop/YellowMan/Content/Characters/Mannequins/Animations/Quinn/MF_Run_Fwd.uexp" 550
"C:/Users/emanu/OneDrive/Desktop/YellowMan/Content/Characters/Mannequins/Animations/Quinn/MF_Walk_Fwd.uasset" 551
"C:/Users/emanu/OneDrive/Desktop/YellowMan/Content/Characters/Mannequins/Animations/Quinn/MF_Walk_Fwd.uexp" 552
"../../../Engine/Content/Animation/DefaultRecorderBoneCompression.uasset" 553
"../../../Engine/Content/Animation/DefaultRecorderBoneCompression.uexp" 554
"C:/Users/emanu/OneDrive/Desktop/YellowMan/Content/Characters/Mannequins/Animations/Manny/MM_Walk_InPlace.uasset" 555
"C:/Users/emanu/OneDrive/Desktop/YellowMan/Content/Characters/Mannequins/Animations/Manny/MM_Walk_InPlace.uexp" 556
"C:/Users/emanu/OneDrive/Desktop/YellowMan/Content/Characters/Mannequins/Animations/Quinn/BS_MF_Unarmed_WalkRun.uasset" 557
"C:/Users/emanu/OneDrive/Desktop/YellowMan/Content/Characters/Mannequins/Animations/Quinn/BS_MF_Unarmed_WalkRun.uexp" 558
"C:/Users/emanu/OneDrive/Desktop/YellowMan/Content/Characters/Mannequins/Animations/Quinn/MF_Idle.uasset" 559
"C:/Users/emanu/OneDrive/Desktop/YellowMan/Content/Characters/Mannequins/Animations/Quinn/MF_Idle.uexp" 560
"C:/Users/emanu/OneDrive/Desktop/YellowMan/Content/Characters/Mannequins/Animations/Manny/MM_Fall_Loop.uasset" 561
"C:/Users/emanu/OneDrive/Desktop/YellowMan/Content/Characters/Mannequins/Animations/Manny/MM_Fall_Loop.uexp" 562
"C:/Users/emanu/OneDrive/Desktop/YellowMan/Content/Characters/Mannequins/Animations/Manny/MM_Jump.uasset" 563
"C:/Users/emanu/OneDrive/Desktop/YellowMan/Content/Characters/Mannequins/Animations/Manny/MM_Jump.uexp" 564
"../../../Engine/Plugins/Animation/ControlRig/Content/Controls/DefaultGizmoLibrary.uasset" 565
"../../../Engine/Plugins/Animation/ControlRig/Content/Controls/DefaultGizmoLibrary.uexp" 566
"C:/Users/emanu/OneDrive/Desktop/YellowMan/Content/Characters/Mannequins/Rigs/CR_Mannequin_BasicFootIK.uasset" 567
"C:/Users/emanu/OneDrive/Desktop/YellowMan/Content/Characters/Mannequins/Rigs/CR_Mannequin_BasicFootIK.uexp" 568
"C:/Users/emanu/OneDrive/Desktop/YellowMan/Content/Characters/Mannequins/Animations/Manny/MM_Run_Fwd.uasset" 569
"C:/Users/emanu/OneDrive/Desktop/YellowMan/Content/Characters/Mannequins/Animations/Manny/MM_Run_Fwd.uexp" 570
"C:/Users/emanu/OneDrive/Desktop/YellowMan/Content/Characters/Mannequins/Animations/Manny/MM_Walk_Fwd.uasset" 571
"C:/Users/emanu/OneDrive/Desktop/YellowMan/Content/Characters/Mannequins/Animations/Manny/MM_Walk_Fwd.uexp" 572
"C:/Users/emanu/OneDrive/Desktop/YellowMan/Content/Characters/Mannequins/Animations/Manny/BS_MM_WalkRun.uasset" 573
"C:/Users/emanu/OneDrive/Desktop/YellowMan/Content/Characters/Mannequins/Animations/Manny/BS_MM_WalkRun.uexp" 574
"C:/Users/emanu/OneDrive/Desktop/YellowMan/Content/Characters/Mannequins/Animations/Manny/MM_Land.uasset" 575
"C:/Users/emanu/OneDrive/Desktop/YellowMan/Content/Characters/Mannequins/Animations/Manny/MM_Land.uexp" 576
"C:/Users/emanu/OneDrive/Desktop/YellowMan/Content/Characters/Mannequins/Animations/Manny/MM_Idle.uasset" 577
"C:/Users/emanu/OneDrive/Desktop/YellowMan/Content/Characters/Mannequins/Animations/Manny/MM_Idle.uexp" 578
"C:/Users/emanu/OneDrive/Desktop/YellowMan/Content/Characters/Mannequins/Animations/ABP_Manny.uasset" 579
"C:/Users/emanu/OneDrive/Desktop/YellowMan/Content/Characters/Mannequins/Animations/ABP_Manny.uexp" 580
"C:/Users/emanu/OneDrive/Desktop/YellowMan/Content/Characters/Mannequins/Animations/ABP_Quinn.uasset" 581
"C:/Users/emanu/OneDrive/Desktop/YellowMan/Content/Characters/Mannequins/Animations/ABP_Quinn.uexp" 582
"C:/Users/emanu/OneDrive/Desktop/YellowMan/Content/Blueprints/Widgets/BP_YellowManWidget.uasset" 583
"C:/Users/emanu/OneDrive/Desktop/YellowMan/Content/Blueprints/Widgets/BP_YellowManWidget.uexp" 584
"C:/Users/emanu/OneDrive/Desktop/YellowMan/Content/ThirdPerson/Blueprints/BP_ThirdPersonCharacter.uasset" 585
"C:/Users/emanu/OneDrive/Desktop/YellowMan/Content/ThirdPerson/Blueprints/BP_ThirdPersonCharacter.uexp" 586
"../../../Engine/Content/MobileResources/HUD/VirtualJoystick_Background.uasset" 587
"../../../Engine/Content/MobileResources/HUD/VirtualJoystick_Background.uexp" 588
"../../../Engine/Content/MobileResources/HUD/VirtualJoystick_Thumb.uasset" 589
"../../../Engine/Content/MobileResources/HUD/VirtualJoystick_Thumb.uexp" 590
"../../../Engine/Content/MobileResources/HUD/DefaultVirtualJoysticks.uasset" 591
"../../../Engine/Content/MobileResources/HUD/DefaultVirtualJoysticks.uexp" 592
"../../../Engine/Content/EngineSky/VolumetricClouds/CloudWeatherTexture.uasset" 593
"../../../Engine/Content/EngineSky/VolumetricClouds/CloudWeatherTexture.uexp" 594
"../../../Engine/Content/Functions/Engine_MaterialFunctions02/Utility/MakeFloat2.uasset" 595
"../../../Engine/Content/Functions/Engine_MaterialFunctions02/Utility/MakeFloat2.uexp" 596
"../../../Engine/Content/EngineSky/VolumetricClouds/CloudGradientTexture.uasset" 597
"../../../Engine/Content/EngineSky/VolumetricClouds/CloudGradientTexture.uexp" 598
"../../../Engine/Content/EngineSky/VolumetricClouds/T_NoiseShape64.ubulk" 599
"../../../Engine/Content/EngineSky/VolumetricClouds/T_NoiseShape64.uasset" 600
"../../../Engine/Content/EngineSky/VolumetricClouds/T_NoiseShape64.uexp" 601
"../../../Engine/Content/EngineSky/VolumetricClouds/T_VolumeNoiseShape64.uasset" 602
"../../../Engine/Content/EngineSky/VolumetricClouds/T_VolumeNoiseShape64.uexp" 603
"../../../Engine/Content/EngineSky/VolumetricClouds/T_NoiseErosion.ubulk" 604
"../../../Engine/Content/EngineSky/VolumetricClouds/T_NoiseErosion.uasset" 605
"../../../Engine/Content/EngineSky/VolumetricClouds/T_NoiseErosion.uexp" 606
"../../../Engine/Content/EngineSky/VolumetricClouds/T_VolumeNoiseErosion32.uasset" 607
"../../../Engine/Content/EngineSky/VolumetricClouds/T_VolumeNoiseErosion32.uexp" 608
"../../../Engine/Content/EngineSky/VolumetricClouds/m_SimpleVolumetricCloud.uasset" 609
"../../../Engine/Content/EngineSky/VolumetricClouds/m_SimpleVolumetricCloud.uexp" 610
"../../../Engine/Content/EngineSky/VolumetricClouds/m_SimpleVolumetricCloud_Inst.uasset" 611
"../../../Engine/Content/EngineSky/VolumetricClouds/m_SimpleVolumetricCloud_Inst.uexp" 612
"../../../Engine/Content/EngineResources/FilmGrains/Marcie_Grain_v3_128_M2_000.uasset" 613
"../../../Engine/Content/EngineResources/FilmGrains/Marcie_Grain_v3_128_M2_000.uexp" 614
"../../../Engine/Content/EditorResources/SequenceRecorder/RecordingIndicator.uasset" 615
"../../../Engine/Content/EditorResources/SequenceRecorder/RecordingIndicator.uexp" 616
"../../../Engine/Content/EditorResources/SequenceRecorder/Countdown.uasset" 617
"../../../Engine/Content/EditorResources/SequenceRecorder/Countdown.uexp" 618
"../../../Engine/Content/Functions/Engine_MaterialFunctions01/Shading/PowerToRoughness.uasset" 619
"../../../Engine/Content/Functions/Engine_MaterialFunctions01/Shading/PowerToRoughness.uexp" 620
"../../../Engine/Content/Functions/Engine_MaterialFunctions01/Shading/ConvertFromDiffSpec.uasset" 621
"../../../Engine/Content/Functions/Engine_MaterialFunctions01/Shading/ConvertFromDiffSpec.uexp" 622
"C:/Users/emanu/OneDrive/Desktop/YellowMan/Content/Assets/media/bgYM.uasset" 623
"C:/Users/emanu/OneDrive/Desktop/YellowMan/Content/Assets/media/bgYM.uexp" 624
"C:/Users/emanu/OneDrive/Desktop/YellowMan/Content/Blueprints/Widgets/BP_MainMenu.uasset" 625
"C:/Users/emanu/OneDrive/Desktop/YellowMan/Content/Blueprints/Widgets/BP_MainMenu.uexp" 626
"C:/Users/emanu/OneDrive/Desktop/YellowMan/Content/Assets/Levels/MainMenu.uexp" 627
"C:/Users/emanu/OneDrive/Desktop/YellowMan/Content/Assets/Levels/MainMenu.umap" 628
